
------------------------------------------------------------
Sender: LSF System <lsfadmin@hpc.dtu.dk>
Subject: Job 27235445: <job_name> in cluster <dcc> Exited

Job <job_name> was submitted from host <hpclogin1> by user <s204213> in cluster <dcc> at Mon Dec  1 12:34:31 2025
Job was executed on host(s) <8*n-62-11-15>, in queue <gpuv100>, as user <s204213> in cluster <dcc> at Mon Dec  1 12:41:36 2025
</zhome/66/4/156534> was used as the home directory.
</zhome/66/4/156534/Comp_Tool_Final_Project> was used as the working directory.
Started at Mon Dec  1 12:41:36 2025
Terminated at Mon Dec  1 12:41:46 2025
Results reported at Mon Dec  1 12:41:46 2025

Your job looked like:

------------------------------------------------------------
# LSBATCH: User input
#!/bin/bash
#BSUB -J job_name                     
#BSUB -q gpuv100                      # Queue to submit the job to
#BSUB -W 100                              # Wall time limit (100 minutes)
#BSUB -n 8                                 # Request 8 cores
#BSUB -R "rusage[mem=4GB]"                 # 
#BSUB -R "span[hosts=1]"                   # Request all cores on the same host
#BSUB -o output.out                        # Standard output redirection
#BSUB -e output.err                        # Standard error redirection

export OMP_NUM_THREADS=8
export MKL_NUM_THREADS=8
export OPENBLAS_NUM_THREADS=8
export NUMEXPR_NUM_THREADS=8
export VECLIB_MAXIMUM_THREADS=8
export BLIS_NUM_THREADS=8

# Activate the virtual environment
source ~/Comp_Tool_Final_Project/.venv/bin/activate

# Run the Python script
python ~/Comp_Tool_Final_Project/scripts/run_locality_sensitive_hashing.py

------------------------------------------------------------

Exited with exit code 1.

Resource usage summary:

    CPU time :                                   3.69 sec.
    Max Memory :                                 -
    Average Memory :                             -
    Total Requested Memory :                     32768.00 MB
    Delta Memory :                               -
    Max Swap :                                   -
    Max Processes :                              -
    Max Threads :                                -
    Run time :                                   10 sec.
    Turnaround time :                            435 sec.

The output (if any) is above this job summary.



PS:

Read file <output.err> for stderr output of this job.

Loading data...
Converting dataloaders to arrays...

Dataset sizes:
  Train: (160, 392)
  Val:   (20, 392)
  Test:  (20, 392)

Starting grid search for LSH hyperparameters...
Testing 12 parameter combinations...

Testing configuration (1/12): num_hash_tables=16, num_hash_bits=16, top_k=10
Fitting LSH on 160 samples with 392 features...
LSH index built with 16 tables
Validation Accuracy: 0.6000

Testing configuration (2/12): num_hash_tables=16, num_hash_bits=16, top_k=15
Fitting LSH on 160 samples with 392 features...
LSH index built with 16 tables
Validation Accuracy: 0.5000

Testing configuration (3/12): num_hash_tables=16, num_hash_bits=18, top_k=10
Fitting LSH on 160 samples with 392 features...
LSH index built with 16 tables
Validation Accuracy: 0.3000

Testing configuration (4/12): num_hash_tables=16, num_hash_bits=18, top_k=15
Fitting LSH on 160 samples with 392 features...
LSH index built with 16 tables
Validation Accuracy: 0.4000

Testing configuration (5/12): num_hash_tables=24, num_hash_bits=16, top_k=10
Fitting LSH on 160 samples with 392 features...
LSH index built with 24 tables
Validation Accuracy: 0.4000

Testing configuration (6/12): num_hash_tables=24, num_hash_bits=16, top_k=15
Fitting LSH on 160 samples with 392 features...
LSH index built with 24 tables
Validation Accuracy: 0.5000

Testing configuration (7/12): num_hash_tables=24, num_hash_bits=18, top_k=10
Fitting LSH on 160 samples with 392 features...
LSH index built with 24 tables
Validation Accuracy: 0.3500

Testing configuration (8/12): num_hash_tables=24, num_hash_bits=18, top_k=15
Fitting LSH on 160 samples with 392 features...
LSH index built with 24 tables
Validation Accuracy: 0.4500

Testing configuration (9/12): num_hash_tables=32, num_hash_bits=16, top_k=10
Fitting LSH on 160 samples with 392 features...
LSH index built with 32 tables
Validation Accuracy: 0.6500

Testing configuration (10/12): num_hash_tables=32, num_hash_bits=16, top_k=15
Fitting LSH on 160 samples with 392 features...
LSH index built with 32 tables
Validation Accuracy: 0.5000

Testing configuration (11/12): num_hash_tables=32, num_hash_bits=18, top_k=10
Fitting LSH on 160 samples with 392 features...
LSH index built with 32 tables
Validation Accuracy: 0.4000

Testing configuration (12/12): num_hash_tables=32, num_hash_bits=18, top_k=15
Fitting LSH on 160 samples with 392 features...
LSH index built with 32 tables
Validation Accuracy: 0.5000
Grid Search Complete. Best Parameters:

num_hash_tables:...32
num_hash_bits:.....16
top_k:.............10
Validation Acc:....0.6500

Evaluating best model on test set...

=== Test Set Evaluation ===
Test Accuracy: 0.6500
Model saved to data/lsh_best_model.pkl

Best model saved to data/lsh_best_model.pkl

------------------------------------------------------------
Sender: LSF System <lsfadmin@hpc.dtu.dk>
Subject: Job 27235550: <job_name> in cluster <dcc> Done

Job <job_name> was submitted from host <hpclogin1> by user <s204213> in cluster <dcc> at Mon Dec  1 12:45:43 2025
Job was executed on host(s) <8*n-62-30-24>, in queue <hpc>, as user <s204213> in cluster <dcc> at Mon Dec  1 12:45:43 2025
</zhome/66/4/156534> was used as the home directory.
</zhome/66/4/156534/Comp_Tool_Final_Project> was used as the working directory.
Started at Mon Dec  1 12:45:43 2025
Terminated at Mon Dec  1 12:46:43 2025
Results reported at Mon Dec  1 12:46:43 2025

Your job looked like:

------------------------------------------------------------
# LSBATCH: User input
#!/bin/bash
#BSUB -J job_name                     
#BSUB -q hpc                      # Queue to submit the job to
#BSUB -W 100                              # Wall time limit (100 minutes)
#BSUB -n 8                                 # Request 8 cores
#BSUB -R "rusage[mem=4GB]"                 # 
#BSUB -R "span[hosts=1]"                   # Request all cores on the same host
#BSUB -o output.out                        # Standard output redirection
#BSUB -e output.err                        # Standard error redirection

export OMP_NUM_THREADS=8
export MKL_NUM_THREADS=8
export OPENBLAS_NUM_THREADS=8
export NUMEXPR_NUM_THREADS=8
export VECLIB_MAXIMUM_THREADS=8
export BLIS_NUM_THREADS=8

# Activate the virtual environment
source ~/Comp_Tool_Final_Project/.venv/bin/activate

# Run the Python script
python ~/Comp_Tool_Final_Project/scripts/run_locality_sensitive_hashing.py

------------------------------------------------------------

Successfully completed.

Resource usage summary:

    CPU time :                                   10.28 sec.
    Max Memory :                                 148 MB
    Average Memory :                             99.00 MB
    Total Requested Memory :                     32768.00 MB
    Delta Memory :                               32620.00 MB
    Max Swap :                                   -
    Max Processes :                              4
    Max Threads :                                14
    Run time :                                   82 sec.
    Turnaround time :                            60 sec.

The output (if any) is above this job summary.



PS:

Read file <output.err> for stderr output of this job.

Loading data...
Converting dataloaders to arrays...

Dataset sizes:
  Train: (793875, 392)
  Val:   (99234, 392)
  Test:  (99235, 392)

Starting grid search for LSH hyperparameters...
Testing 12 parameter combinations...

Testing configuration (1/12): num_hash_tables=16, num_hash_bits=16, top_k=10
Fitting LSH on 793875 samples with 392 features...
LSH index built with 16 tables
Validation Accuracy: 0.9733

Testing configuration (2/12): num_hash_tables=16, num_hash_bits=16, top_k=15
Fitting LSH on 793875 samples with 392 features...
LSH index built with 16 tables
Validation Accuracy: 0.9677

Testing configuration (3/12): num_hash_tables=16, num_hash_bits=18, top_k=10
Fitting LSH on 793875 samples with 392 features...
LSH index built with 16 tables
Validation Accuracy: 0.9661

Testing configuration (4/12): num_hash_tables=16, num_hash_bits=18, top_k=15
Fitting LSH on 793875 samples with 392 features...
LSH index built with 16 tables
Validation Accuracy: 0.9587

Testing configuration (5/12): num_hash_tables=24, num_hash_bits=16, top_k=10
Fitting LSH on 793875 samples with 392 features...
LSH index built with 24 tables

------------------------------------------------------------
Sender: LSF System <lsfadmin@hpc.dtu.dk>
Subject: Job 27235561: <job_name> in cluster <dcc> Exited

Job <job_name> was submitted from host <hpclogin1> by user <s204213> in cluster <dcc> at Mon Dec  1 12:47:58 2025
Job was executed on host(s) <8*n-62-11-14>, in queue <gpuv100>, as user <s204213> in cluster <dcc> at Mon Dec  1 12:50:22 2025
</zhome/66/4/156534> was used as the home directory.
</zhome/66/4/156534/Comp_Tool_Final_Project> was used as the working directory.
Started at Mon Dec  1 12:50:22 2025
Terminated at Mon Dec  1 13:46:46 2025
Results reported at Mon Dec  1 13:46:46 2025

Your job looked like:

------------------------------------------------------------
# LSBATCH: User input
#!/bin/bash
#BSUB -J job_name                     
#BSUB -q gpuv100                     # Queue to submit the job to
#BSUB -W 100                              # Wall time limit (100 minutes)
#BSUB -n 8                                 # Request 8 cores
#BSUB -R "rusage[mem=4GB]"                 # 
#BSUB -R "span[hosts=1]"                   # Request all cores on the same host
#BSUB -o output.out                        # Standard output redirection
#BSUB -e output.err                        # Standard error redirection

export OMP_NUM_THREADS=8
export MKL_NUM_THREADS=8
export OPENBLAS_NUM_THREADS=8
export NUMEXPR_NUM_THREADS=8
export VECLIB_MAXIMUM_THREADS=8
export BLIS_NUM_THREADS=8

# Activate the virtual environment
source ~/Comp_Tool_Final_Project/.venv/bin/activate

# Run the Python script
python ~/Comp_Tool_Final_Project/scripts/run_locality_sensitive_hashing.py

------------------------------------------------------------

TERM_OWNER: job killed by owner.
Exited with exit code 143.

Resource usage summary:

    CPU time :                                   17118.00 sec.
    Max Memory :                                 29747 MB
    Average Memory :                             27289.31 MB
    Total Requested Memory :                     32768.00 MB
    Delta Memory :                               3021.00 MB
    Max Swap :                                   -
    Max Processes :                              4
    Max Threads :                                61
    Run time :                                   3384 sec.
    Turnaround time :                            3528 sec.

The output (if any) is above this job summary.



PS:

Read file <output.err> for stderr output of this job.

