Loading data...
Converting dataloaders to arrays...

Dataset sizes:
  Train: (793875, 392)
  Val:   (99234, 392)
  Test:  (99235, 392)

Starting grid search for LSH hyperparameters...
Testing 12 parameter combinations...

Testing configuration (1/12): num_hash_tables=16, num_hash_bits=16, top_k=10
Fitting LSH on 793875 samples with 392 features...
LSH index built with 16 tables
Validation Accuracy: 0.9732

Testing configuration (2/12): num_hash_tables=16, num_hash_bits=16, top_k=15
Fitting LSH on 793875 samples with 392 features...
LSH index built with 16 tables
Validation Accuracy: 0.9674

Testing configuration (3/12): num_hash_tables=16, num_hash_bits=18, top_k=10
Fitting LSH on 793875 samples with 392 features...
LSH index built with 16 tables
Validation Accuracy: 0.9664

Testing configuration (4/12): num_hash_tables=16, num_hash_bits=18, top_k=15
Fitting LSH on 793875 samples with 392 features...
LSH index built with 16 tables
Validation Accuracy: 0.9589

Testing configuration (5/12): num_hash_tables=24, num_hash_bits=16, top_k=10
Fitting LSH on 793875 samples with 392 features...
LSH index built with 24 tables
Validation Accuracy: 0.9776

Testing configuration (6/12): num_hash_tables=24, num_hash_bits=16, top_k=15
Fitting LSH on 793875 samples with 392 features...
LSH index built with 24 tables
Validation Accuracy: 0.9727

Testing configuration (7/12): num_hash_tables=24, num_hash_bits=18, top_k=10
Fitting LSH on 793875 samples with 392 features...
LSH index built with 24 tables
Validation Accuracy: 0.9725

Testing configuration (8/12): num_hash_tables=24, num_hash_bits=18, top_k=15
Fitting LSH on 793875 samples with 392 features...
LSH index built with 24 tables
Validation Accuracy: 0.9658

Testing configuration (9/12): num_hash_tables=32, num_hash_bits=16, top_k=10
Fitting LSH on 793875 samples with 392 features...
LSH index built with 32 tables
Validation Accuracy: 0.9797

Testing configuration (10/12): num_hash_tables=32, num_hash_bits=16, top_k=15
Fitting LSH on 793875 samples with 392 features...
LSH index built with 32 tables
Validation Accuracy: 0.9743

Testing configuration (11/12): num_hash_tables=32, num_hash_bits=18, top_k=10
Fitting LSH on 793875 samples with 392 features...
LSH index built with 32 tables
Validation Accuracy: 0.9756

Testing configuration (12/12): num_hash_tables=32, num_hash_bits=18, top_k=15
Fitting LSH on 793875 samples with 392 features...
LSH index built with 32 tables
Validation Accuracy: 0.9712
Grid Search Complete. Best Parameters:

num_hash_tables:...32
num_hash_bits:.....16
top_k:.............10
Validation Acc:....0.9797

Evaluating best model on test set...

=== Test Set Evaluation ===
Test Accuracy: 0.9799
Model saved to data/lsh_best_model.pkl

Best model saved to data/lsh_best_model.pkl

------------------------------------------------------------
Sender: LSF System <lsfadmin@hpc.dtu.dk>
Subject: Job 27236238: <job_name> in cluster <dcc> Done

Job <job_name> was submitted from host <hpclogin1> by user <s204213> in cluster <dcc> at Mon Dec  1 13:46:52 2025
Job was executed on host(s) <8*n-62-11-15>, in queue <gpuv100>, as user <s204213> in cluster <dcc> at Mon Dec  1 13:47:44 2025
</zhome/66/4/156534> was used as the home directory.
</zhome/66/4/156534/Comp_Tool_Final_Project> was used as the working directory.
Started at Mon Dec  1 13:47:44 2025
Terminated at Mon Dec  1 17:22:03 2025
Results reported at Mon Dec  1 17:22:03 2025

Your job looked like:

------------------------------------------------------------
# LSBATCH: User input
#!/bin/bash
#BSUB -J job_name                     
#BSUB -q gpuv100                            # Queue to submit the job to
#BSUB -W 250                              # Wall time limit (100 minutes)
#BSUB -n 8                                 # Request 8 cores
#BSUB -R "rusage[mem=4GB]"                 # 
#BSUB -R "span[hosts=1]"                   # Request all cores on the same host
#BSUB -o outputs/output_lsh.out                        # Standard output redirection
#BSUB -e outputs/output_lsh.err                        # Standard error redirection

export OMP_NUM_THREADS=8
export MKL_NUM_THREADS=8
export OPENBLAS_NUM_THREADS=8
export NUMEXPR_NUM_THREADS=8
export VECLIB_MAXIMUM_THREADS=8
export BLIS_NUM_THREADS=8

# Activate the virtual environment
source ~/Comp_Tool_Final_Project/.venv/bin/activate

# Run the Python script
python ~/Comp_Tool_Final_Project/scripts/run_locality_sensitive_hashing.py

------------------------------------------------------------

Successfully completed.

Resource usage summary:

    CPU time :                                   74309.19 sec.
    Max Memory :                                 30807 MB
    Average Memory :                             28498.27 MB
    Total Requested Memory :                     32768.00 MB
    Delta Memory :                               1961.00 MB
    Max Swap :                                   -
    Max Processes :                              4
    Max Threads :                                61
    Run time :                                   12859 sec.
    Turnaround time :                            12911 sec.

The output (if any) is above this job summary.



PS:

Read file <outputs/output_lsh.err> for stderr output of this job.

